<?xml version="1.0" encoding="utf-8" standalone="no"?>
<test-results xmlns:xsi="http://www.w3.org/2001/XMLSchema-instance" xsi:noNamespaceSchemaLocation="nunit_schema_2.5.xsd" name="Pester" total="15" errors="0" failures="0" not-run="0" inconclusive="0" ignored="0" skipped="0" invalid="0" date="2018-08-11" time="18:03:20">
  <environment user="Galic" machine-name="DESKTOP-DSINQD9" cwd="C:\dev\VSTSRestApiWrapper\tests" user-domain="DESKTOP-DSINQD9" platform="Microsoft Windows 10 Home|C:\WINDOWS|\Device\Harddisk0\Partition2" nunit-version="2.5.8.0" os-version="10.0.17134" clr-version="4.0.30319.42000" />
  <culture-info current-culture="en-US" current-uiculture="en-US" />
  <test-suite type="TestFixture" name="Pester" executed="True" result="Success" success="True" time="3.0952" asserts="0" description="Pester">
    <results>
      <test-suite type="TestFixture" name="C:\dev\VSTSRestApiWrapper\tests\Unit\Helpers\DefinitionsHelper.Tests.ps1" executed="True" result="Success" success="True" time="2.6076" asserts="0" description="C:\dev\VSTSRestApiWrapper\tests\Unit\Helpers\DefinitionsHelper.Tests.ps1">
        <results>
          <test-suite type="TestFixture" name="DefinitionsHelper Unit Tests" executed="True" result="Success" success="True" time="2.6076" asserts="0" description="DefinitionsHelper Unit Tests">
            <results>
              <test-suite type="TestFixture" name="Test-ObjectDefintion" executed="True" result="Success" success="True" time="2.6076" asserts="0" description="Test-ObjectDefintion">
                <results>
                  <test-suite type="ParameterizedTest" name="DefinitionsHelper Unit Tests.Test-ObjectDefintion.Primitive: Should return &lt;Result&gt; (&lt;Type&gt;)" executed="True" result="Success" success="True" time="2.3978" asserts="0" description="Primitive: Should return &lt;Result&gt; (&lt;Type&gt;)">
                    <results>
                      <test-case description="Primitive: Should return 'TRUE' ('Int32')" name="DefinitionsHelper Unit Tests.Test-ObjectDefintion.Primitive: Should return 'TRUE' ('Int32')" time="2.2497" asserts="0" success="True" result="Success" executed="True" />
                      <test-case description="Primitive: Should return 'FALSE' ('Int32')" name="DefinitionsHelper Unit Tests.Test-ObjectDefintion.Primitive: Should return 'FALSE' ('Int32')" time="0.1052" asserts="0" success="True" result="Success" executed="True" />
                      <test-case description="Primitive: Should return 'TRUE' ('String')" name="DefinitionsHelper Unit Tests.Test-ObjectDefintion.Primitive: Should return 'TRUE' ('String')" time="0.0218" asserts="0" success="True" result="Success" executed="True" />
                      <test-case description="Primitive: Should return 'FALSE' ('String')" name="DefinitionsHelper Unit Tests.Test-ObjectDefintion.Primitive: Should return 'FALSE' ('String')" time="0.0212" asserts="0" success="True" result="Success" executed="True" />
                    </results>
                  </test-suite>
                  <test-suite type="ParameterizedTest" name="DefinitionsHelper Unit Tests.Test-ObjectDefintion.Custom: Should return &lt;Result&gt; (&lt;Type&gt;)" executed="True" result="Success" success="True" time="0.2098" asserts="0" description="Custom: Should return &lt;Result&gt; (&lt;Type&gt;)">
                    <results>
                      <test-case description="Custom: Should return 'TRUE' ('ReferenceLinks')" name="DefinitionsHelper Unit Tests.Test-ObjectDefintion.Custom: Should return 'TRUE' ('ReferenceLinks')" time="0.0542" asserts="0" success="True" result="Success" executed="True" />
                      <test-case description="Custom: Should return 'TRUE' ('Hashtable')" name="DefinitionsHelper Unit Tests.Test-ObjectDefintion.Custom: Should return 'TRUE' ('Hashtable')" time="0.0228" asserts="0" success="True" result="Success" executed="True" />
                      <test-case description="Custom: Should return 'TRUE' ('ArtifactResource')" name="DefinitionsHelper Unit Tests.Test-ObjectDefintion.Custom: Should return 'TRUE' ('ArtifactResource')" time="0.0635" asserts="0" success="True" result="Success" executed="True" />
                      <test-case description="Custom: Should return 'FALSE' ('ArtifactResource')" name="DefinitionsHelper Unit Tests.Test-ObjectDefintion.Custom: Should return 'FALSE' ('ArtifactResource')" time="0.0263" asserts="0" success="True" result="Success" executed="True" />
                      <test-case description="Custom: Should return 'FALSE' ('ReferenceLinks')" name="DefinitionsHelper Unit Tests.Test-ObjectDefintion.Custom: Should return 'FALSE' ('ReferenceLinks')" time="0.0431" asserts="0" success="True" result="Success" executed="True" />
                    </results>
                  </test-suite>
                </results>
              </test-suite>
            </results>
          </test-suite>
        </results>
      </test-suite>
      <test-suite type="TestFixture" name="C:\dev\VSTSRestApiWrapper\tests\Unit\Helpers\GeneralHelper.Tests.ps1" executed="True" result="Success" success="True" time="0.4875" asserts="0" description="C:\dev\VSTSRestApiWrapper\tests\Unit\Helpers\GeneralHelper.Tests.ps1">
        <results>
          <test-suite type="TestFixture" name="GeneralHelper Unit Tests" executed="True" result="Success" success="True" time="0.4875" asserts="0" description="GeneralHelper Unit Tests">
            <results>
              <test-suite type="TestFixture" name="Get-ReplacedString" executed="True" result="Success" success="True" time="0.2413" asserts="0" description="Get-ReplacedString">
                <results>
                  <test-case description="Should not modify string if not values found" name="GeneralHelper Unit Tests.Get-ReplacedString.Should not modify string if not values found" time="0.2223" asserts="0" success="True" result="Success" executed="True" />
                  <test-case description="Should replace values if found" name="GeneralHelper Unit Tests.Get-ReplacedString.Should replace values if found" time="0.019" asserts="0" success="True" result="Success" executed="True" />
                </results>
              </test-suite>
              <test-suite type="TestFixture" name="Test-ValidJson" executed="True" result="Success" success="True" time="0.0829" asserts="0" description="Test-ValidJson">
                <results>
                  <test-case description="Should return true if json is valid" name="GeneralHelper Unit Tests.Test-ValidJson.Should return true if json is valid" time="0.0538" asserts="0" success="True" result="Success" executed="True" />
                  <test-case description="Should return false if json is invalid" name="GeneralHelper Unit Tests.Test-ValidJson.Should return false if json is invalid" time="0.0291" asserts="0" success="True" result="Success" executed="True" />
                </results>
              </test-suite>
              <test-suite type="TestFixture" name="ConvertFrom-JsonFile" executed="True" result="Success" success="True" time="0.1633" asserts="0" description="ConvertFrom-JsonFile">
                <results>
                  <test-case description="Should return json file contents as an object" name="GeneralHelper Unit Tests.ConvertFrom-JsonFile.Should return json file contents as an object" time="0.0909" asserts="0" success="True" result="Success" executed="True" />
                  <test-case description="Should throw if json file contents is invalid json" name="GeneralHelper Unit Tests.ConvertFrom-JsonFile.Should throw if json file contents is invalid json" time="0.0724" asserts="0" success="True" result="Success" executed="True" />
                </results>
              </test-suite>
            </results>
          </test-suite>
        </results>
      </test-suite>
    </results>
  </test-suite>
</test-results>